{"message":"::ffff:127.0.0.1 - - [06/Sep/2020:20:07:47 +0000] \"GET /api/genres HTTP/1.1\" 404 149 \"-\" \"node-superagent/3.8.3\"\n","level":"info"}
{"message":"Could not connect to any servers in your MongoDB Atlas cluster. One common reason is that you're trying to access the database from an IP that isn't whitelisted. Make sure your current IP address is on your Atlas cluster's IP whitelist: https://docs.atlas.mongodb.com/security-whitelist/","level":"error"}
{"message":"::1 - - [03/Oct/2020:21:46:12 +0000] \"GET /api/genres/5f21f99ea9e3ff34d4ebd808 HTTP/1.1\" 500 55 \"-\" \"PostmanRuntime/7.26.5\"\n","level":"info"}
{"message":"await is only valid in async function","level":"error"}
{"message":"::ffff:127.0.0.1 - - [03/Oct/2020:22:53:53 +0000] \"GET /api/genres/1 HTTP/1.1\" 404 151 \"-\" \"node-superagent/3.8.3\"\n","level":"info"}
{"message":"::ffff:127.0.0.1 - - [03/Oct/2020:22:54:51 +0000] \"GET /api/genres/1 HTTP/1.1\" 404 151 \"-\" \"node-superagent/3.8.3\"\n","level":"info"}
{"message":"::ffff:127.0.0.1 - - [03/Oct/2020:22:55:29 +0000] \"GET /api/genres/1 HTTP/1.1\" 404 151 \"-\" \"node-superagent/3.8.3\"\n","level":"info"}
{"message":"::1 - - [03/Oct/2020:22:56:39 +0000] \"GET /api/genres/1 HTTP/1.1\" 404 151 \"-\" \"PostmanRuntime/7.26.5\"\n","level":"info"}
{"message":"::ffff:127.0.0.1 - - [03/Oct/2020:23:10:21 +0000] \"GET /api/genres/1 HTTP/1.1\" 404 151 \"-\" \"node-superagent/3.8.3\"\n","level":"info"}
{"message":"::ffff:127.0.0.1 - - [04/Oct/2020:14:03:54 +0000] \"GET /api/genres/1 HTTP/1.1\" 404 151 \"-\" \"node-superagent/3.8.3\"\n","level":"info"}
{"message":"Unexpected token 'const'","level":"error"}
{"message":"Unexpected token 'const'","level":"error"}
{"message":"No authorized -- Token not Found","level":"error"}
{"message":"No authorized -- Token not Found","level":"error"}
{"message":"::1 - - [04/Oct/2020:14:31:32 +0000] \"POST /api/login HTTP/1.1\" 404 149 \"-\" \"PostmanRuntime/7.26.5\"\n","level":"info"}
{"message":"::1 - - [04/Oct/2020:14:34:21 +0000] \"POST /api/login HTTP/1.1\" 404 149 \"-\" \"PostmanRuntime/7.26.5\"\n","level":"info"}
{"message":"::1 - - [04/Oct/2020:14:35:13 +0000] \"POST /api/login HTTP/1.1\" 404 149 \"-\" \"PostmanRuntime/7.26.5\"\n","level":"info"}
{"message":"::ffff:127.0.0.1 - - [04/Oct/2020:14:55:09 +0000] \"GET /api/genres/1 HTTP/1.1\" 404 151 \"-\" \"node-superagent/3.8.3\"\n","level":"info"}
{"message":"::ffff:127.0.0.1 - - [04/Oct/2020:14:55:54 +0000] \"GET /api/genres/1 HTTP/1.1\" 404 151 \"-\" \"node-superagent/3.8.3\"\n","level":"info"}
{"message":"::ffff:127.0.0.1 - - [04/Oct/2020:14:56:26 +0000] \"GET /api/genres/1 HTTP/1.1\" 404 151 \"-\" \"node-superagent/3.8.3\"\n","level":"info"}
{"message":"::ffff:127.0.0.1 - - [04/Oct/2020:14:57:11 +0000] \"GET /api/genres/1 HTTP/1.1\" 404 151 \"-\" \"node-superagent/3.8.3\"\n","level":"info"}
{"message":"::ffff:127.0.0.1 - - [04/Oct/2020:14:58:16 +0000] \"GET /api/genres/1 HTTP/1.1\" 404 151 \"-\" \"node-superagent/3.8.3\"\n","level":"info"}
{"message":"::ffff:127.0.0.1 - - [04/Oct/2020:14:59:17 +0000] \"GET /api/genres/1 HTTP/1.1\" 404 151 \"-\" \"node-superagent/3.8.3\"\n","level":"info"}
{"message":"::ffff:127.0.0.1 - - [04/Oct/2020:15:00:36 +0000] \"GET /api/genres/1 HTTP/1.1\" 404 151 \"-\" \"node-superagent/3.8.3\"\n","level":"info"}
{"message":"::ffff:127.0.0.1 - - [04/Oct/2020:15:01:39 +0000] \"GET /api/genres/1 HTTP/1.1\" 404 151 \"-\" \"node-superagent/3.8.3\"\n","level":"info"}
{"message":"::ffff:127.0.0.1 - - [04/Oct/2020:15:03:08 +0000] \"GET /api/genres/1 HTTP/1.1\" 404 151 \"-\" \"node-superagent/3.8.3\"\n","level":"info"}
{"message":"No authorized -- Token not Found","level":"error"}
{"message":"::ffff:127.0.0.1 - - [04/Oct/2020:15:05:29 +0000] \"GET /api/genres/5f21f99ea9e3ff34d4ebd809 HTTP/1.1\" 200 16 \"-\" \"node-superagent/3.8.3\"\n","level":"info"}
{"message":"::ffff:127.0.0.1 - - [04/Oct/2020:15:06:46 +0000] \"GET /api/genres/5f21f99ea9e3ff34d4ebd809 HTTP/1.1\" 200 16 \"-\" \"node-superagent/3.8.3\"\n","level":"info"}
{"message":"::ffff:127.0.0.1 - - [04/Oct/2020:15:07:43 +0000] \"GET /api/genres/5f21f99ea9e3ff34d4ebd HTTP/1.1\" 404 171 \"-\" \"node-superagent/3.8.3\"\n","level":"info"}
{"message":"::ffff:127.0.0.1 - - [04/Oct/2020:15:09:01 +0000] \"GET /api/genres/5f21f99ea9e3ff34d4ebd000 HTTP/1.1\" 200 16 \"-\" \"node-superagent/3.8.3\"\n","level":"info"}
{"message":"::ffff:127.0.0.1 - - [04/Oct/2020:15:09:35 +0000] \"GET /api/genres/5f21f992a9e3ff34d4ebd820 HTTP/1.1\" 200 16 \"-\" \"node-superagent/3.8.3\"\n","level":"info"}
{"message":"::ffff:127.0.0.1 - - [04/Oct/2020:15:10:49 +0000] \"GET /api/genres/5f21f992a9e3ff34d4ebd820 HTTP/1.1\" 404 16 \"-\" \"node-superagent/3.8.3\"\n","level":"info"}
{"message":"No authorized -- Token not Found","level":"error"}
{"message":"listen EADDRINUSE: address already in use :::5000","level":"error"}
{"message":"No authorized -- Token not Found","level":"error"}
{"message":"No authorized -- Token not Found","level":"error"}
{"message":"No authorized -- Token not Found","level":"error"}
{"message":"No authorized -- Token not Found","level":"error"}
{"message":"No authorized -- Token not Found","level":"error"}
{"message":"No authorized -- Token not Found","level":"error"}
{"message":"No authorized -- Token not Found","level":"error"}
{"message":"No authorized -- Token not Found","level":"error"}
{"message":"No authorized -- Token not Found","level":"error"}
{"message":"No authorized -- Token not Found","level":"error"}
{"message":"No authorized -- Token not Found","level":"error"}
{"message":"No authorized -- Token not Found","level":"error"}
{"message":"No authorized -- Token not Found","level":"error"}
{"message":"::ffff:127.0.0.1 - - [04/Oct/2020:15:45:39 +0000] \"POST /api/genres HTTP/1.1\" 500 138 \"-\" \"node-superagent/3.8.3\"\n","level":"info"}
{"message":"No authorized -- Token not Found","level":"error"}
{"message":"No authorized -- Token not Found","level":"error"}
{"message":"No authorized -- Token not Found","level":"error"}
{"message":"No authorized -- Token not Found","level":"error"}
{"message":"No authorized -- Token not Found","level":"error"}
{"message":"No authorized -- Token not Found","level":"error"}
{"message":"No authorized -- Token not Found","level":"error"}
{"message":"No authorized -- Token not Found","level":"error"}
{"message":"No authorized -- Token not Found","level":"error"}
{"message":"No authorized -- Token not Found","level":"error"}
{"message":"No authorized -- Token not Found","level":"error"}
{"message":"No authorized -- Token not Found","level":"error"}
{"message":"No authorized -- Token not Found","level":"error"}
{"message":"No authorized -- Token not Found","level":"error"}
{"message":"No authorized -- Token not Found","level":"error"}
{"message":"No authorized -- Token not Found","level":"error"}
{"message":"No authorized -- Token not Found","level":"error"}
{"message":"No authorized -- Token not Found","level":"error"}
{"message":"No authorized -- Token not Found","level":"error"}
{"message":"No authorized -- Token not Found","level":"error"}
{"message":"No authorized -- Token not Found","level":"error"}
{"message":"No authorized -- Token not Found","level":"error"}
{"message":"No authorized -- Token not Found","level":"error"}
{"message":"No authorized -- Token not Found","level":"error"}
{"message":"No authorized -- Token not Found","level":"error"}
{"message":"No authorized -- Token not Found","level":"error"}
{"message":"No authorized -- Token not Found","level":"error"}
{"message":"No authorized -- Token not Found","level":"error"}
{"message":"No authorized -- Token not Found","level":"error"}
{"message":"No authorized -- Token not Found","level":"error"}
{"message":"No authorized -- Token not Found","level":"error"}
{"message":"No authorized -- Token not Found","level":"error"}
{"message":"No authorized -- Token not Found","level":"error"}
{"message":"No authorized -- Token not Found","level":"error"}
{"message":"No authorized -- Token not Found","level":"error"}
{"message":"No authorized -- Token not Found","level":"error"}
{"message":"No authorized -- Token not Found","level":"error"}
{"message":"No authorized -- Token not Found","level":"error"}
{"message":"No authorized -- Token not Found","level":"error"}
{"message":"No authorized -- Token not Found","level":"error"}
{"message":"No authorized -- Token not Found","level":"error"}
{"message":"No authorized -- Token not Found","level":"error"}
{"message":"No authorized -- Token not Found","level":"error"}
{"message":"No authorized -- Token not Found","level":"error"}
{"message":"No authorized -- Token not Found","level":"error"}
{"message":"No authorized -- Token not Found","level":"error"}
{"message":"No authorized -- Token not Found","level":"error"}
{"message":"No authorized -- Token not Found","level":"error"}
{"message":"No authorized -- Token not Found","level":"error"}
{"message":"No authorized -- Token not Found","level":"error"}
{"message":"No authorized -- Token not Found","level":"error"}
{"message":"No authorized -- Token not Found","level":"error"}
{"message":"No authorized -- Token not Found","level":"error"}
{"message":"No authorized -- Token not Found","level":"error"}
{"message":"No authorized -- Token not Found","level":"error"}
{"message":"No authorized -- Token not Found","level":"error"}
{"message":"No authorized -- Token not Found","level":"error"}
{"message":"No authorized -- Token not Found","level":"error"}
{"message":"No authorized -- Token not Found","level":"error"}
{"message":"No authorized -- Token not Found","level":"error"}
{"message":"No authorized -- Token not Found","level":"error"}
{"message":"No authorized -- Token not Found","level":"error"}
{"message":"No authorized -- Token not Found","level":"error"}
{"message":"No authorized -- Token not Found","level":"error"}
{"message":"No authorized -- Token not Found","level":"error"}
{"message":"No authorized -- Token not Found","level":"error"}
{"message":"No authorized -- Token not Found","level":"error"}
{"message":"No authorized -- Token not Found","level":"error"}
{"message":"No authorized -- Token not Found","level":"error"}
{"message":"No authorized -- Token not Found","level":"error"}
{"message":"No authorized -- Token not Found","level":"error"}
{"message":"No authorized -- Token not Found","level":"error"}
{"message":"No authorized -- Token not Found","level":"error"}
{"message":"No authorized -- Token not Found","level":"error"}
{"message":"No authorized -- Token not Found","level":"error"}
{"message":"No authorized -- Token not Found","level":"error"}
{"message":"No authorized -- Token not Found","level":"error"}
{"message":"No authorized -- Token not Found","level":"error"}
{"message":"No authorized -- Token not Found","level":"error"}
{"message":"No authorized -- Token not Found","level":"error"}
{"message":"No authorized -- Token not Found","level":"error"}
{"message":"No authorized -- Token not Found","level":"error"}
{"message":"No authorized -- Token not Found","level":"error"}
{"message":"No authorized -- Token not Found","level":"error"}
{"message":"No authorized -- Token not Found","level":"error"}
{"message":"No authorized -- Token not Found","level":"error"}
{"message":"No authorized -- Token not Found","level":"error"}
{"message":"No authorized -- Token not Found","level":"error"}
{"message":"No authorized -- Token not Found","level":"error"}
{"message":"No authorized -- Token not Found","level":"error"}
{"message":"No authorized -- Token not Found","level":"error"}
{"message":"No authorized -- Token not Found","level":"error"}
{"message":"No authorized -- Token not Found","level":"error"}
{"message":"No authorized -- Token not Found","level":"error"}
{"message":"No authorized -- Token not Found","level":"error"}
{"message":"No authorized -- Token not Found","level":"error"}
{"message":"No authorized -- Token not Found","level":"error"}
{"message":"No authorized -- Token not Found","level":"error"}
{"message":"No authorized -- Token not Found","level":"error"}
{"message":"No authorized -- Token not Found","level":"error"}
{"message":"No authorized -- Token not Found","level":"error"}
{"message":"No authorized -- Token not Found","level":"error"}
{"message":"No authorized -- Token not Found","level":"error"}
{"message":"No authorized -- Token not Found","level":"error"}
{"message":"No authorized -- Token not Found","level":"error"}
{"message":"No authorized -- Token not Found","level":"error"}
{"message":"No authorized -- Token not Found","level":"error"}
{"message":"No authorized -- Token not Found","level":"error"}
{"message":"No authorized -- Token not Found","level":"error"}
{"message":"No authorized -- Token not Found","level":"error"}
{"message":"No authorized -- Token not Found","level":"error"}
{"message":"No authorized -- Token not Found","level":"error"}
{"message":"No authorized -- Token not Found","level":"error"}
{"message":"No authorized -- Token not Found","level":"error"}
{"message":"No authorized -- Token not Found","level":"error"}
{"message":"No authorized -- Token not Found","level":"error"}
{"message":"No authorized -- Token not Found","level":"error"}
{"message":"No authorized -- Token not Found","level":"error"}
{"message":"No authorized -- Token not Found","level":"error"}
{"message":"No authorized -- Token not Found","level":"error"}
{"message":"No authorized -- Token not Found","level":"error"}
{"message":"No authorized -- Token not Found","level":"error"}
{"message":"No authorized -- Token not Found","level":"error"}
{"message":"No authorized -- Token not Found","level":"error"}
{"message":"No authorized -- Token not Found","level":"error"}
{"message":"No authorized -- Token not Found","level":"error"}
{"message":"No authorized -- Token not Found","level":"error"}
{"message":"No authorized -- Token not Found","level":"error"}
{"message":"No authorized -- Token not Found","level":"error"}
{"message":"No authorized -- Token not Found","level":"error"}
{"message":"No authorized -- Token not Found","level":"error"}
{"message":"No authorized -- Token not Found","level":"error"}
{"message":"No authorized -- Token not Found","level":"error"}
{"message":"No authorized -- Token not Found","level":"error"}
{"message":"No authorized -- Token not Found","level":"error"}
{"message":"No authorized -- Token not Found","level":"error"}
{"message":"No authorized -- Token not Found","level":"error"}
{"message":"No authorized -- Token not Found","level":"error"}
{"message":"No authorized -- Token not Found","level":"error"}
{"message":"No authorized -- Token not Found","level":"error"}
{"message":"No authorized -- Token not Found","level":"error"}
{"message":"No authorized -- Token not Found","level":"error"}
{"message":"No authorized -- Token not Found","level":"error"}
{"message":"No authorized -- Token not Found","level":"error"}
{"message":"No authorized -- Token not Found","level":"error"}
{"message":"No authorized -- Token not Found","level":"error"}
{"message":"No authorized -- Token not Found","level":"error"}
{"message":"No authorized -- Token not Found","level":"error"}
{"message":"No authorized -- Token not Found","level":"error"}
{"message":"No authorized -- Token not Found","level":"error"}
{"message":"No authorized -- Token not Found","level":"error"}
{"message":"No authorized -- Token not Found","level":"error"}
{"message":"No authorized -- Token not Found","level":"error"}
{"message":"No authorized -- Token not Found","level":"error"}
{"message":"No authorized -- Token not Found","level":"error"}
{"message":"No authorized -- Token not Found","level":"error"}
{"message":"No authorized -- Token not Found","level":"error"}
{"message":"No authorized -- Token not Found","level":"error"}
{"message":"No authorized -- Token not Found","level":"error"}
{"message":"No authorized -- Token not Found","level":"error"}
{"message":"No authorized -- Token not Found","level":"error"}
{"message":"No authorized -- Token not Found","level":"error"}
{"message":"No authorized -- Token not Found","level":"error"}
{"message":"No authorized -- Token not Found","level":"error"}
{"message":"No authorized -- Token not Found","level":"error"}
{"message":"No authorized -- Token not Found","level":"error"}
{"message":"No authorized -- Token not Found","level":"error"}
{"message":"No authorized -- Token not Found","level":"error"}
{"message":"No authorized -- Token not Found","level":"error"}
{"message":"No authorized -- Token not Found","level":"error"}
{"message":"No authorized -- Token not Found","level":"error"}
{"message":"No authorized -- Token not Found","level":"error"}
{"message":"No authorized -- Token not Found","level":"error"}
{"message":"No authorized -- Token not Found","level":"error"}
{"message":"No authorized -- Token not Found","level":"error"}
{"message":"No authorized -- Token not Found","level":"error"}
{"message":"No authorized -- Token not Found","level":"error"}
{"message":"No authorized -- Token not Found","level":"error"}
{"message":"No authorized -- Token not Found","level":"error"}
{"message":"No authorized -- Token not Found","level":"error"}
{"message":"No authorized -- Token not Found","level":"error"}
{"message":"No authorized -- Token not Found","level":"error"}
{"message":"No authorized -- Token not Found","level":"error"}
{"message":"No authorized -- Token not Found","level":"error"}
{"message":"No authorized -- Token not Found","level":"error"}
{"message":"No authorized -- Token not Found","level":"error"}
{"message":"No authorized -- Token not Found","level":"error"}
{"message":"No authorized -- Token not Found","level":"error"}
{"message":"No authorized -- Token not Found","level":"error"}
{"message":"No authorized -- Token not Found","level":"error"}
{"message":"No authorized -- Token not Found","level":"error"}
{"message":"No authorized -- Token not Found","level":"error"}
